<?xml version="1.0" encoding="UTF-8"?>
<robot generator="Robot 6.1.1 (Python 3.12.0 on win32)" generated="20231026 21:46:29.791" rpa="false" schemaversion="4">
<suite id="s1" name="Amazon Testes" source="C:\Udemy\RobotFramework\WebTesting\amazon_testes.robot">
<test id="s1-t1" name="Caso de Teste 01- Acesso ao menu &quot;Eletrônicos&quot;" line="8">
<kw name="Abrir o navegador" library="amazon_resources" type="SETUP">
<kw name="Open Browser" library="SeleniumLibrary">
<arg>browser=chrome</arg>
<doc>Opens a new browser instance to the optional ``url``.</doc>
<msg timestamp="20231026 21:46:30.141" level="INFO">Opening browser 'chrome' to base url 'None'.</msg>
<status status="PASS" starttime="20231026 21:46:30.141" endtime="20231026 21:46:33.626"/>
</kw>
<status status="PASS" starttime="20231026 21:46:30.140" endtime="20231026 21:46:33.626"/>
</kw>
<kw name="Acessar a home page do site Amazon.com.br">
<msg timestamp="20231026 21:46:33.630" level="FAIL">No keyword with name 'Acessar a home page do site Amazon.com.br' found.</msg>
<status status="FAIL" starttime="20231026 21:46:33.630" endtime="20231026 21:46:33.630"/>
</kw>
<kw name="Entrar no menu &quot;Eletrônicos&quot;">
<status status="NOT RUN" starttime="20231026 21:46:33.633" endtime="20231026 21:46:33.633"/>
</kw>
<kw name="Verificar se o título da página fica &quot;Eletrônicos e Tecnologia | Amazon.com.br&quot;">
<status status="NOT RUN" starttime="20231026 21:46:33.635" endtime="20231026 21:46:33.635"/>
</kw>
<kw name="Verificar se aparece a frase &quot;Eletrônicos e Tecnologia&quot;">
<status status="NOT RUN" starttime="20231026 21:46:33.638" endtime="20231026 21:46:33.638"/>
</kw>
<kw name="Verificar se aparece a categoria &quot;Computadores e Informática&quot;">
<status status="NOT RUN" starttime="20231026 21:46:33.642" endtime="20231026 21:46:33.642"/>
</kw>
<kw name="Fechar o navegador" library="amazon_resources" type="TEARDOWN">
<kw name="Close Browser" library="SeleniumLibrary">
<doc>Closes the current browser.</doc>
<status status="PASS" starttime="20231026 21:46:33.643" endtime="20231026 21:46:35.819"/>
</kw>
<status status="PASS" starttime="20231026 21:46:33.643" endtime="20231026 21:46:35.819"/>
</kw>
<doc>Esse teste verifica o menu eletrônicos do site da Amazon.com.br
e verifica a categoria Computadores e Informática</doc>
<tag>categorias</tag>
<tag>menus</tag>
<status status="FAIL" starttime="20231026 21:46:30.139" endtime="20231026 21:46:35.820">No keyword with name 'Acessar a home page do site Amazon.com.br' found.</status>
</test>
<test id="s1-t2" name="Caso de Teste 02- Pesquisa de um Produto" line="18">
<kw name="Abrir o navegador" library="amazon_resources" type="SETUP">
<kw name="Open Browser" library="SeleniumLibrary">
<arg>browser=chrome</arg>
<doc>Opens a new browser instance to the optional ``url``.</doc>
<msg timestamp="20231026 21:46:35.823" level="INFO">Opening browser 'chrome' to base url 'None'.</msg>
<status status="PASS" starttime="20231026 21:46:35.823" endtime="20231026 21:46:37.602"/>
</kw>
<status status="PASS" starttime="20231026 21:46:35.822" endtime="20231026 21:46:37.602"/>
</kw>
<kw name="Acessar a home page do site Amazon.com.br">
<msg timestamp="20231026 21:46:37.607" level="FAIL">No keyword with name 'Acessar a home page do site Amazon.com.br' found.</msg>
<status status="FAIL" starttime="20231026 21:46:37.606" endtime="20231026 21:46:37.607"/>
</kw>
<kw name="Digitar o nome de produto &quot;Xbox Series S&quot; no campo de pesquisa">
<status status="NOT RUN" starttime="20231026 21:46:37.609" endtime="20231026 21:46:37.609"/>
</kw>
<kw name="Clicar no botão de pesquisa">
<status status="NOT RUN" starttime="20231026 21:46:37.612" endtime="20231026 21:46:37.612"/>
</kw>
<kw name="O site deve ser aberto corretamente">
<status status="NOT RUN" starttime="20231026 21:46:37.614" endtime="20231026 21:46:37.614"/>
</kw>
<kw name="O sistema deve exibir a tela com o resultado da pesquisa, listando o produto pesquisado">
<status status="NOT RUN" starttime="20231026 21:46:37.616" endtime="20231026 21:46:37.616"/>
</kw>
<kw name="Fechar o navegador" library="amazon_resources" type="TEARDOWN">
<kw name="Close Browser" library="SeleniumLibrary">
<doc>Closes the current browser.</doc>
<status status="PASS" starttime="20231026 21:46:37.616" endtime="20231026 21:46:39.767"/>
</kw>
<status status="PASS" starttime="20231026 21:46:37.616" endtime="20231026 21:46:39.767"/>
</kw>
<doc>Esse teste verifica a busca de um produto</doc>
<tag>busca_produtos</tag>
<tag>lista_busca</tag>
<status status="FAIL" starttime="20231026 21:46:35.821" endtime="20231026 21:46:39.768">No keyword with name 'Acessar a home page do site Amazon.com.br' found.</status>
</test>
<doc>Essa suíte testa o site da Amazon.com.br</doc>
<status status="FAIL" starttime="20231026 21:46:29.793" endtime="20231026 21:46:39.768"/>
</suite>
<statistics>
<total>
<stat pass="0" fail="2" skip="0">All Tests</stat>
</total>
<tag>
<stat pass="0" fail="1" skip="0">busca_produtos</stat>
<stat pass="0" fail="1" skip="0">categorias</stat>
<stat pass="0" fail="1" skip="0">lista_busca</stat>
<stat pass="0" fail="1" skip="0">menus</stat>
</tag>
<suite>
<stat pass="0" fail="2" skip="0" id="s1" name="Amazon Testes">Amazon Testes</stat>
</suite>
</statistics>
<errors>
</errors>
</robot>
